2024-08-28 13:54:13 [background-preinit] INFO  org.hibernate.validator.internal.util.Version - HV000001: Hibernate Validator 8.0.1.Final
2024-08-28 13:54:13 [main] INFO  com.pragmatic.Main - Starting Main using Java 21.0.2 with PID 25716 (C:\Users\vitalii.tsomyk\Desktop\Bank_client\target\classes started by vitalii.tsomyk in C:\Users\vitalii.tsomyk\Desktop\Bank_client)
2024-08-28 13:54:13 [main] INFO  com.pragmatic.Main - No active profile set, falling back to 1 default profile: "default"
2024-08-28 13:54:14 [main] INFO  org.springframework.boot.web.embedded.tomcat.TomcatWebServer - Tomcat initialized with port 8080 (http)
2024-08-28 13:54:14 [main] INFO  org.apache.coyote.http11.Http11NioProtocol - Initializing ProtocolHandler ["http-nio-8080"]
2024-08-28 13:54:14 [main] INFO  org.apache.catalina.core.StandardService - Starting service [Tomcat]
2024-08-28 13:54:14 [main] INFO  org.apache.catalina.core.StandardEngine - Starting Servlet engine: [Apache Tomcat/10.1.25]
2024-08-28 13:54:14 [main] INFO  org.apache.catalina.core.ContainerBase.[Tomcat].[localhost].[/] - Initializing Spring embedded WebApplicationContext
2024-08-28 13:54:14 [main] INFO  org.springframework.boot.web.servlet.context.ServletWebServerApplicationContext - Root WebApplicationContext: initialization completed in 1393 ms
2024-08-28 13:54:15 [main] INFO  org.apache.coyote.http11.Http11NioProtocol - Starting ProtocolHandler ["http-nio-8080"]
2024-08-28 13:54:15 [main] INFO  org.springframework.boot.web.embedded.tomcat.TomcatWebServer - Tomcat started on port 8080 (http) with context path '/'
2024-08-28 13:54:15 [main] INFO  com.pragmatic.Main - Started Main in 2.314 seconds (process running for 3.581)
2024-08-28 13:54:15 [main] INFO  com.pragmatic.Main - INFO
2024-08-28 13:54:42 [background-preinit] INFO  org.hibernate.validator.internal.util.Version - HV000001: Hibernate Validator 8.0.1.Final
2024-08-28 13:54:43 [main] INFO  com.pragmatic.Main - Starting Main using Java 21.0.2 with PID 16708 (C:\Users\vitalii.tsomyk\Desktop\Bank_client\target\classes started by vitalii.tsomyk in C:\Users\vitalii.tsomyk\Desktop\Bank_client)
2024-08-28 13:54:43 [main] INFO  com.pragmatic.Main - No active profile set, falling back to 1 default profile: "default"
2024-08-28 13:54:44 [main] INFO  org.springframework.boot.web.embedded.tomcat.TomcatWebServer - Tomcat initialized with port 8080 (http)
2024-08-28 13:54:44 [main] INFO  org.apache.coyote.http11.Http11NioProtocol - Initializing ProtocolHandler ["http-nio-8080"]
2024-08-28 13:54:44 [main] INFO  org.apache.catalina.core.StandardService - Starting service [Tomcat]
2024-08-28 13:54:44 [main] INFO  org.apache.catalina.core.StandardEngine - Starting Servlet engine: [Apache Tomcat/10.1.25]
2024-08-28 13:54:44 [main] INFO  org.apache.catalina.core.ContainerBase.[Tomcat].[localhost].[/] - Initializing Spring embedded WebApplicationContext
2024-08-28 13:54:44 [main] INFO  org.springframework.boot.web.servlet.context.ServletWebServerApplicationContext - Root WebApplicationContext: initialization completed in 1314 ms
2024-08-28 13:54:44 [main] INFO  org.apache.coyote.http11.Http11NioProtocol - Starting ProtocolHandler ["http-nio-8080"]
2024-08-28 13:54:44 [main] INFO  org.springframework.boot.web.embedded.tomcat.TomcatWebServer - Tomcat started on port 8080 (http) with context path '/'
2024-08-28 13:54:44 [main] INFO  com.pragmatic.Main - Started Main in 2.434 seconds (process running for 3.65)
2024-08-28 13:54:44 [main] INFO  com.pragmatic.Main - INFO
2024-08-28 13:54:44 [main] ERROR com.pragmatic.Main - ERROR
2024-08-28 14:09:20 [background-preinit] INFO  org.hibernate.validator.internal.util.Version - HV000001: Hibernate Validator 8.0.1.Final
2024-08-28 14:09:20 [main] INFO  com.pragmatic.Main - Starting Main using Java 21.0.2 with PID 23612 (C:\Users\vitalii.tsomyk\Desktop\Bank_client\target\classes started by vitalii.tsomyk in C:\Users\vitalii.tsomyk\Desktop\Bank_client)
2024-08-28 14:09:20 [main] INFO  com.pragmatic.Main - No active profile set, falling back to 1 default profile: "default"
2024-08-28 14:09:21 [main] INFO  org.springframework.boot.web.embedded.tomcat.TomcatWebServer - Tomcat initialized with port 8080 (http)
2024-08-28 14:09:21 [main] INFO  org.apache.coyote.http11.Http11NioProtocol - Initializing ProtocolHandler ["http-nio-8080"]
2024-08-28 14:09:21 [main] INFO  org.apache.catalina.core.StandardService - Starting service [Tomcat]
2024-08-28 14:09:21 [main] INFO  org.apache.catalina.core.StandardEngine - Starting Servlet engine: [Apache Tomcat/10.1.25]
2024-08-28 14:09:22 [main] INFO  org.apache.catalina.core.ContainerBase.[Tomcat].[localhost].[/] - Initializing Spring embedded WebApplicationContext
2024-08-28 14:09:22 [main] INFO  org.springframework.boot.web.servlet.context.ServletWebServerApplicationContext - Root WebApplicationContext: initialization completed in 1035 ms
2024-08-28 14:09:22 [main] INFO  org.apache.coyote.http11.Http11NioProtocol - Starting ProtocolHandler ["http-nio-8080"]
2024-08-28 14:09:22 [main] INFO  org.springframework.boot.web.embedded.tomcat.TomcatWebServer - Tomcat started on port 8080 (http) with context path '/'
2024-08-28 14:09:22 [main] INFO  com.pragmatic.Main - Started Main in 1.823 seconds (process running for 2.696)
2024-08-28 14:10:57 [http-nio-8080-exec-1] INFO  org.apache.catalina.core.ContainerBase.[Tomcat].[localhost].[/] - Initializing Spring DispatcherServlet 'dispatcherServlet'
2024-08-28 14:10:57 [http-nio-8080-exec-1] INFO  org.springframework.web.servlet.DispatcherServlet - Initializing Servlet 'dispatcherServlet'
2024-08-28 14:10:57 [http-nio-8080-exec-1] INFO  org.springframework.web.servlet.DispatcherServlet - Completed initialization in 1 ms
2024-08-28 14:10:57 [http-nio-8080-exec-1] INFO  com.pragmatic.controller.Controller - Hello world called
2024-08-28 14:10:58 [http-nio-8080-exec-2] ERROR com.pragmatic.controller.exception.СontrollerExceptionHandler - No static resource favicon.ico.
2024-08-28 14:10:58 [http-nio-8080-exec-2] ERROR com.pragmatic.controller.exception.СontrollerExceptionHandler - ErrorMessage{status='500 INTERNAL_SERVER_ERROR', time=2024-08-28T12:10:58.219269100Z, message='No static resource favicon.ico.', description='500 custom exception'}
2024-08-28 14:26:27 [background-preinit] INFO  org.hibernate.validator.internal.util.Version - HV000001: Hibernate Validator 8.0.1.Final
2024-08-28 14:26:27 [main] INFO  com.pragmatic.Main - Starting Main using Java 21.0.2 with PID 25684 (C:\Users\vitalii.tsomyk\Desktop\Bank_client\target\classes started by vitalii.tsomyk in C:\Users\vitalii.tsomyk\Desktop\Bank_client)
2024-08-28 14:26:27 [main] INFO  com.pragmatic.Main - No active profile set, falling back to 1 default profile: "default"
2024-08-28 14:26:28 [main] INFO  org.springframework.boot.web.embedded.tomcat.TomcatWebServer - Tomcat initialized with port 8080 (http)
2024-08-28 14:26:28 [main] INFO  org.apache.coyote.http11.Http11NioProtocol - Initializing ProtocolHandler ["http-nio-8080"]
2024-08-28 14:26:28 [main] INFO  org.apache.catalina.core.StandardService - Starting service [Tomcat]
2024-08-28 14:26:28 [main] INFO  org.apache.catalina.core.StandardEngine - Starting Servlet engine: [Apache Tomcat/10.1.25]
2024-08-28 14:26:28 [main] INFO  org.apache.catalina.core.ContainerBase.[Tomcat].[localhost].[/] - Initializing Spring embedded WebApplicationContext
2024-08-28 14:26:28 [main] INFO  org.springframework.boot.web.servlet.context.ServletWebServerApplicationContext - Root WebApplicationContext: initialization completed in 1381 ms
2024-08-28 14:26:29 [main] INFO  org.apache.coyote.http11.Http11NioProtocol - Starting ProtocolHandler ["http-nio-8080"]
2024-08-28 14:26:29 [main] INFO  org.springframework.boot.web.embedded.tomcat.TomcatWebServer - Tomcat started on port 8080 (http) with context path '/'
2024-08-28 14:26:29 [main] INFO  com.pragmatic.Main - Started Main in 2.304 seconds (process running for 3.427)
